Using pre-set license
Built from '2020.3/staging' branch; Version is '2020.3.21f1 (a38c86f6690f) revision 10718342'; Using compiler version '192528614'; Build Type 'Release'
OS: 'Windows 10 Home; OS build 19043.1348; Version 2009; 64bit' Language: 'ko' Physical Memory: 15790 MB
BatchMode: 1, IsHumanControllingUs: 0, StartBugReporterOnCrash: 0, Is64bit: 1, IsPro: 0

COMMAND LINE ARGUMENTS:
C:\Program Files\Unity\2020.3.21f1\Editor\Unity.exe
-adb2
-batchMode
-noUpm
-name
AssetImportWorker3
-projectPath
D:/School/12-Creative_Engineering_Design/GitHub/CED_05-TeamOne/Perfect_Moving
-logFile
Logs/AssetImportWorker3.log
-srvPort
50990
Successfully changed project path to: D:/School/12-Creative_Engineering_Design/GitHub/CED_05-TeamOne/Perfect_Moving
D:/School/12-Creative_Engineering_Design/GitHub/CED_05-TeamOne/Perfect_Moving
Using Asset Import Pipeline V2.
Refreshing native plugins compatible for Editor in 45.06 ms, found 3 plugins.
Preloading 0 native plugins for Editor in 0.00 ms.
Initialize engine version: 2020.3.21f1 (a38c86f6690f)
[Subsystems] Discovering subsystems at path C:/Program Files/Unity/2020.3.21f1/Editor/Data/Resources/UnitySubsystems
[Subsystems] Discovering subsystems at path D:/School/12-Creative_Engineering_Design/GitHub/CED_05-TeamOne/Perfect_Moving/Assets
GfxDevice: creating device client; threaded=0
Direct3D:
    Version:  Direct3D 11.0 [level 11.1]
    Renderer: NVIDIA GeForce RTX 3060 Laptop GPU (ID=0x2520)
    Vendor:   
    VRAM:     6023 MB
    Driver:   27.21.14.6242
Initialize mono
Mono path[0] = 'C:/Program Files/Unity/2020.3.21f1/Editor/Data/Managed'
Mono path[1] = 'C:/Program Files/Unity/2020.3.21f1/Editor/Data/MonoBleedingEdge/lib/mono/unityjit'
Mono config path = 'C:/Program Files/Unity/2020.3.21f1/Editor/Data/MonoBleedingEdge/etc'
Using monoOptions --debugger-agent=transport=dt_socket,embedding=1,server=y,suspend=n,address=127.0.0.1:56232
Begin MonoManager ReloadAssembly
Registering precompiled unity dll's ...
Register platform support module: C:/Program Files/Unity/2020.3.21f1/Editor/Data/PlaybackEngines/WebGLSupport/UnityEditor.WebGL.Extensions.dll
Register platform support module: C:/Program Files/Unity/2020.3.21f1/Editor/Data/PlaybackEngines/MacStandaloneSupport/UnityEditor.OSXStandalone.Extensions.dll
Register platform support module: C:/Program Files/Unity/2020.3.21f1/Editor/Data/PlaybackEngines/WindowsStandaloneSupport/UnityEditor.WindowsStandalone.Extensions.dll
Registered in 0.005076 seconds.
Native extension for WindowsStandalone target not found
Native extension for OSXStandalone target not found
Native extension for WebGL target not found
Refreshing native plugins compatible for Editor in 44.51 ms, found 3 plugins.
Preloading 0 native plugins for Editor in 0.00 ms.
Mono: successfully reloaded assembly
- Completed reload, in  2.519 seconds
Domain Reload Profiling:
	ReloadAssembly (2519ms)
		BeginReloadAssembly (90ms)
			ExecutionOrderSort (0ms)
			DisableScriptedObjects (0ms)
			BackupInstance (0ms)
			ReleaseScriptingObjects (0ms)
			CreateAndSetChildDomain (1ms)
		EndReloadAssembly (464ms)
			LoadAssemblies (87ms)
			RebuildTransferFunctionScriptingTraits (0ms)
			SetupTypeCache (151ms)
			ReleaseScriptCaches (0ms)
			RebuildScriptCaches (32ms)
			SetupLoadedEditorAssemblies (167ms)
				LogAssemblyErrors (0ms)
				InitializePlatformSupportModulesInManaged (7ms)
				SetLoadedEditorAssemblies (0ms)
				RefreshPlugins (45ms)
				BeforeProcessingInitializeOnLoad (15ms)
				ProcessInitializeOnLoadAttributes (73ms)
				ProcessInitializeOnLoadMethodAttributes (27ms)
				AfterProcessingInitializeOnLoad (0ms)
				EditorAssembliesLoaded (0ms)
			ExecutionOrderSort2 (0ms)
			AwakeInstancesAfterBackupRestoration (0ms)
Platform modules already initialized, skipping
Registering precompiled user dll's ...
Registered in 0.007167 seconds.
Begin MonoManager ReloadAssembly
Native extension for WindowsStandalone target not found
Native extension for OSXStandalone target not found
Native extension for WebGL target not found
Refreshing native plugins compatible for Editor in 41.67 ms, found 3 plugins.
Preloading 0 native plugins for Editor in 0.00 ms.
Mono: successfully reloaded assembly
- Completed reload, in  9.636 seconds
Domain Reload Profiling:
	ReloadAssembly (9641ms)
		BeginReloadAssembly (182ms)
			ExecutionOrderSort (0ms)
			DisableScriptedObjects (4ms)
			BackupInstance (0ms)
			ReleaseScriptingObjects (0ms)
			CreateAndSetChildDomain (19ms)
		EndReloadAssembly (9368ms)
			LoadAssemblies (5741ms)
			RebuildTransferFunctionScriptingTraits (0ms)
			SetupTypeCache (304ms)
			ReleaseScriptCaches (0ms)
			RebuildScriptCaches (44ms)
			SetupLoadedEditorAssemblies (3195ms)
				LogAssemblyErrors (0ms)
				InitializePlatformSupportModulesInManaged (2819ms)
				SetLoadedEditorAssemblies (0ms)
				RefreshPlugins (42ms)
				BeforeProcessingInitializeOnLoad (88ms)
				ProcessInitializeOnLoadAttributes (211ms)
				ProcessInitializeOnLoadMethodAttributes (25ms)
				AfterProcessingInitializeOnLoad (12ms)
				EditorAssembliesLoaded (0ms)
			ExecutionOrderSort2 (0ms)
			AwakeInstancesAfterBackupRestoration (6ms)
Platform modules already initialized, skipping
========================================================================
Worker process is ready to serve import requests
Launched and connected shader compiler UnityShaderCompiler.exe after 0.11 seconds
Refreshing native plugins compatible for Editor in 0.74 ms, found 3 plugins.
Preloading 0 native plugins for Editor in 0.00 ms.
Unloading 2201 Unused Serialized files (Serialized files now loaded: 0)
System memory in use before: 102.0 MB.
System memory in use after: 102.1 MB.

Unloading 28 unused Assets to reduce memory usage. Loaded Objects now: 2636.
Total: 3.740800 ms (FindLiveObjects: 0.219500 ms CreateObjectMapping: 0.050600 ms MarkObjects: 3.384100 ms  DeleteObjects: 0.084900 ms)

AssetImportParameters requested are different than current active one (requested -> active):
  custom:framework-win-MediaFoundation: 216162199b28c13a410421893ffa2e32 -> 
  custom:video-decoder-ogg-theora: a1e56fd34408186e4bbccfd4996cb3dc -> 
  custom:container-muxer-webm: aa71ff27fc2769a1b78a27578f13a17b -> 
  custom:container-demuxer-webm: 4f35f7cbe854078d1ac9338744f61a02 -> 
  custom:container-demuxer-ogg: 62fdf1f143b41e24485cea50d1cbac27 -> 
  custom:video-encoder-webm-vp8: eb34c28f22e8b96e1ab97ce403110664 -> 
  custom:video-decoder-webm-vp8: 9c59270c3fd7afecdb556c50c9e8de78 -> 
  custom:audio-decoder-ogg-vorbis: bf7c407c2cedff20999df2af8eb42d56 -> 
  custom:audio-encoder-webm-vorbis: bf7c407c2cedff20999df2af8eb42d56 -> 
========================================================================
Received Import Request.
  path: Assets/Scenes/TitleScene.unity
  artifactKey: Guid(4998875b8cdc1484f90145e4972e6eb5) Importer(815301076,1909f56bfc062723c751e8b465ee728b)
Start importing Assets/Scenes/TitleScene.unity using Guid(4998875b8cdc1484f90145e4972e6eb5) Importer(815301076,1909f56bfc062723c751e8b465ee728b)  -> (artifact id: '7593a08e565d247da11eea23c0560d53') in 0.026226 seconds 
  Import took 0.082297 seconds .

========================================================================
Received Import Request.
  Time since last request: 3.759475 seconds.
  path: Assets/Scenes/GameScene.unity
  artifactKey: Guid(fb046e4888321834b9ace3780f11429f) Importer(815301076,1909f56bfc062723c751e8b465ee728b)
Start importing Assets/Scenes/GameScene.unity using Guid(fb046e4888321834b9ace3780f11429f) Importer(815301076,1909f56bfc062723c751e8b465ee728b)  -> (artifact id: '723c6da20cbe4feabb907d61004ae80a') in 0.019794 seconds 
  Import took 0.156476 seconds .

========================================================================
Received Import Request.
  Time since last request: 49.671855 seconds.
  path: Assets/Scenes/OverScene.unity
  artifactKey: Guid(7efe3beb3720835438580a5df309b465) Importer(815301076,1909f56bfc062723c751e8b465ee728b)
Start importing Assets/Scenes/OverScene.unity using Guid(7efe3beb3720835438580a5df309b465) Importer(815301076,1909f56bfc062723c751e8b465ee728b)  -> (artifact id: '7e6f47da2a64c5182c9a8c0afddfca6d') in 0.309381 seconds 
  Import took 0.346983 seconds .

========================================================================
Received Import Request.
  Time since last request: 3.389012 seconds.
  path: Assets/Scenes/TitleScene.unity
  artifactKey: Guid(4998875b8cdc1484f90145e4972e6eb5) Importer(815301076,1909f56bfc062723c751e8b465ee728b)
Start importing Assets/Scenes/TitleScene.unity using Guid(4998875b8cdc1484f90145e4972e6eb5) Importer(815301076,1909f56bfc062723c751e8b465ee728b)  -> (artifact id: '2ebae145841fc68c3f5834079888b6d4') in 0.077159 seconds 
  Import took 0.222454 seconds .

========================================================================
Received Import Request.
  Time since last request: 137.413003 seconds.
  path: Assets/Resources/XML/ResearcherSaying0.xml
  artifactKey: Guid(f05d33ebaf4a3aa46aa33c6ba77406ee) Importer(815301076,1909f56bfc062723c751e8b465ee728b)
Start importing Assets/Resources/XML/ResearcherSaying0.xml using Guid(f05d33ebaf4a3aa46aa33c6ba77406ee) Importer(815301076,1909f56bfc062723c751e8b465ee728b)  -> (artifact id: 'b451c572e6eec1a70404e62899fefe2d') in 0.503636 seconds 
  Import took 0.551906 seconds .

========================================================================
Received Import Request.
  Time since last request: 113.271495 seconds.
  path: Assets/Resources/XML/ResearcherSaying2.xml
  artifactKey: Guid(ba296f3953d301d4daea1c09411c0d3f) Importer(815301076,1909f56bfc062723c751e8b465ee728b)
Start importing Assets/Resources/XML/ResearcherSaying2.xml using Guid(ba296f3953d301d4daea1c09411c0d3f) Importer(815301076,1909f56bfc062723c751e8b465ee728b)  -> (artifact id: '65bfc7a9746740da42bb917d48614ff0') in 0.056819 seconds 
  Import took 0.084190 seconds .

========================================================================
Received Import Request.
  Time since last request: 0.457312 seconds.
  path: Assets/Resources/XML/ResearcherSaying1.xml
  artifactKey: Guid(583b8cd0e1caebe42ba43f002bbb660e) Importer(815301076,1909f56bfc062723c751e8b465ee728b)
Start importing Assets/Resources/XML/ResearcherSaying1.xml using Guid(583b8cd0e1caebe42ba43f002bbb660e) Importer(815301076,1909f56bfc062723c751e8b465ee728b)  -> (artifact id: '441fd3e91b6c1ea5b1625a3eaee9a3b7') in 0.276886 seconds 
  Import took 0.356022 seconds .

AssetImportWorkerClient::OnTransportError - code=2 error=End of file
