Using pre-set license
Built from '2020.3/staging' branch; Version is '2020.3.21f1 (a38c86f6690f) revision 10718342'; Using compiler version '192528614'; Build Type 'Release'
OS: 'Windows 10 Pro; OS build 19043.1348; Version 2009; 64bit' Language: 'ko' Physical Memory: 16343 MB
BatchMode: 1, IsHumanControllingUs: 0, StartBugReporterOnCrash: 0, Is64bit: 1, IsPro: 0

COMMAND LINE ARGUMENTS:
C:\Program Files\Unity\Hub\Editor\2020.3.21f1\Editor\Unity.exe
-adb2
-batchMode
-noUpm
-name
AssetImportWorker0
-projectPath
C:/Users/i/OneDrive/Desktop/CED_05-TeamOne-main (2)/CED_05-TeamOne-main/Perfect_Moving
-logFile
Logs/AssetImportWorker0.log
-srvPort
54439
Successfully changed project path to: C:/Users/i/OneDrive/Desktop/CED_05-TeamOne-main (2)/CED_05-TeamOne-main/Perfect_Moving
C:/Users/i/OneDrive/Desktop/CED_05-TeamOne-main (2)/CED_05-TeamOne-main/Perfect_Moving
Using Asset Import Pipeline V2.
Refreshing native plugins compatible for Editor in 53.76 ms, found 3 plugins.
Preloading 0 native plugins for Editor in 0.00 ms.
Initialize engine version: 2020.3.21f1 (a38c86f6690f)
[Subsystems] Discovering subsystems at path C:/Program Files/Unity/Hub/Editor/2020.3.21f1/Editor/Data/Resources/UnitySubsystems
[Subsystems] Discovering subsystems at path C:/Users/i/OneDrive/Desktop/CED_05-TeamOne-main (2)/CED_05-TeamOne-main/Perfect_Moving/Assets
GfxDevice: creating device client; threaded=0
Direct3D:
    Version:  Direct3D 11.0 [level 11.1]
    Renderer: NVIDIA GeForce GTX 1050 Ti (ID=0x1c82)
    Vendor:   
    VRAM:     4018 MB
    Driver:   27.21.14.5671
Initialize mono
Mono path[0] = 'C:/Program Files/Unity/Hub/Editor/2020.3.21f1/Editor/Data/Managed'
Mono path[1] = 'C:/Program Files/Unity/Hub/Editor/2020.3.21f1/Editor/Data/MonoBleedingEdge/lib/mono/unityjit'
Mono config path = 'C:/Program Files/Unity/Hub/Editor/2020.3.21f1/Editor/Data/MonoBleedingEdge/etc'
Using monoOptions --debugger-agent=transport=dt_socket,embedding=1,server=y,suspend=n,address=127.0.0.1:56284
Begin MonoManager ReloadAssembly
Registering precompiled unity dll's ...
Register platform support module: C:/Program Files/Unity/Hub/Editor/2020.3.21f1/Editor/Data/PlaybackEngines/WindowsStandaloneSupport/UnityEditor.WindowsStandalone.Extensions.dll
Registered in 0.016801 seconds.
Native extension for WindowsStandalone target not found
Refreshing native plugins compatible for Editor in 64.30 ms, found 3 plugins.
Preloading 0 native plugins for Editor in 0.00 ms.
Unable to find bridge dll on disk for Microsoft Visual Studio Tools for Unity for C:\Program Files (x86)\Microsoft Visual Studio Tools for Unity\16.0\Editor\SyntaxTree.VisualStudio.Unity.Bridge.dll
Mono: successfully reloaded assembly
- Completed reload, in  1.409 seconds
Domain Reload Profiling:
	ReloadAssembly (1410ms)
		BeginReloadAssembly (92ms)
			ExecutionOrderSort (0ms)
			DisableScriptedObjects (0ms)
			BackupInstance (0ms)
			ReleaseScriptingObjects (0ms)
			CreateAndSetChildDomain (1ms)
		EndReloadAssembly (527ms)
			LoadAssemblies (88ms)
			RebuildTransferFunctionScriptingTraits (0ms)
			SetupTypeCache (166ms)
			ReleaseScriptCaches (0ms)
			RebuildScriptCaches (36ms)
			SetupLoadedEditorAssemblies (211ms)
				LogAssemblyErrors (0ms)
				InitializePlatformSupportModulesInManaged (4ms)
				SetLoadedEditorAssemblies (0ms)
				RefreshPlugins (64ms)
				BeforeProcessingInitializeOnLoad (19ms)
				ProcessInitializeOnLoadAttributes (90ms)
				ProcessInitializeOnLoadMethodAttributes (33ms)
				AfterProcessingInitializeOnLoad (0ms)
				EditorAssembliesLoaded (0ms)
			ExecutionOrderSort2 (0ms)
			AwakeInstancesAfterBackupRestoration (0ms)
Platform modules already initialized, skipping
Registering precompiled user dll's ...
Registered in 0.008250 seconds.
Begin MonoManager ReloadAssembly
Native extension for WindowsStandalone target not found
Refreshing native plugins compatible for Editor in 56.92 ms, found 3 plugins.
Preloading 0 native plugins for Editor in 0.00 ms.
Mono: successfully reloaded assembly
- Completed reload, in  1.556 seconds
Domain Reload Profiling:
	ReloadAssembly (1557ms)
		BeginReloadAssembly (243ms)
			ExecutionOrderSort (0ms)
			DisableScriptedObjects (9ms)
			BackupInstance (0ms)
			ReleaseScriptingObjects (0ms)
			CreateAndSetChildDomain (24ms)
		EndReloadAssembly (1215ms)
			LoadAssemblies (150ms)
			RebuildTransferFunctionScriptingTraits (0ms)
			SetupTypeCache (387ms)
			ReleaseScriptCaches (1ms)
			RebuildScriptCaches (74ms)
			SetupLoadedEditorAssemblies (453ms)
				LogAssemblyErrors (0ms)
				InitializePlatformSupportModulesInManaged (6ms)
				SetLoadedEditorAssemblies (0ms)
				RefreshPlugins (57ms)
				BeforeProcessingInitializeOnLoad (107ms)
				ProcessInitializeOnLoadAttributes (243ms)
				ProcessInitializeOnLoadMethodAttributes (24ms)
				AfterProcessingInitializeOnLoad (14ms)
				EditorAssembliesLoaded (0ms)
			ExecutionOrderSort2 (0ms)
			AwakeInstancesAfterBackupRestoration (10ms)
Platform modules already initialized, skipping
========================================================================
Worker process is ready to serve import requests
Launched and connected shader compiler UnityShaderCompiler.exe after 0.12 seconds
Refreshing native plugins compatible for Editor in 0.42 ms, found 3 plugins.
Preloading 0 native plugins for Editor in 0.00 ms.
Unloading 2188 Unused Serialized files (Serialized files now loaded: 0)
System memory in use before: 96.4 MB.
System memory in use after: 96.5 MB.

Unloading 28 unused Assets to reduce memory usage. Loaded Objects now: 2622.
Total: 3.190100 ms (FindLiveObjects: 0.205800 ms CreateObjectMapping: 0.119900 ms MarkObjects: 2.799600 ms  DeleteObjects: 0.063800 ms)

AssetImportParameters requested are different than current active one (requested -> active):
  custom:framework-win-MediaFoundation: 216162199b28c13a410421893ffa2e32 -> 
  custom:video-decoder-ogg-theora: a1e56fd34408186e4bbccfd4996cb3dc -> 
  custom:container-muxer-webm: aa71ff27fc2769a1b78a27578f13a17b -> 
  custom:container-demuxer-webm: 4f35f7cbe854078d1ac9338744f61a02 -> 
  custom:container-demuxer-ogg: 62fdf1f143b41e24485cea50d1cbac27 -> 
  custom:video-encoder-webm-vp8: eb34c28f22e8b96e1ab97ce403110664 -> 
  custom:video-decoder-webm-vp8: 9c59270c3fd7afecdb556c50c9e8de78 -> 
  custom:audio-decoder-ogg-vorbis: bf7c407c2cedff20999df2af8eb42d56 -> 
  custom:audio-encoder-webm-vorbis: bf7c407c2cedff20999df2af8eb42d56 -> 
========================================================================
Received Import Request.
  path: Assets/Materials/sprite17.png
  artifactKey: Guid(51b9a9b07a320d049a7bf91001fbb487) Importer(815301076,1909f56bfc062723c751e8b465ee728b)
Start importing Assets/Materials/sprite17.png using Guid(51b9a9b07a320d049a7bf91001fbb487) Importer(815301076,1909f56bfc062723c751e8b465ee728b)  -> (artifact id: '8be19f3e51939092294b3e17bb7a32e4') in 0.218184 seconds 
  Import took 0.222425 seconds .

========================================================================
Received Import Request.
  Time since last request: 0.000430 seconds.
  path: Assets/Materials/sprite199.png
  artifactKey: Guid(e289aa845144ce64e8641666c7939f83) Importer(815301076,1909f56bfc062723c751e8b465ee728b)
Start importing Assets/Materials/sprite199.png using Guid(e289aa845144ce64e8641666c7939f83) Importer(815301076,1909f56bfc062723c751e8b465ee728b)  -> (artifact id: '7ddab457cfd881733df91dceb3be24d5') in 0.022584 seconds 
  Import took 0.027091 seconds .

========================================================================
Received Import Request.
  Time since last request: 0.000379 seconds.
  path: Assets/Materials/sprite16.png
  artifactKey: Guid(4b1702c915d534f4eaa2b4907ef2bfb0) Importer(815301076,1909f56bfc062723c751e8b465ee728b)
Start importing Assets/Materials/sprite16.png using Guid(4b1702c915d534f4eaa2b4907ef2bfb0) Importer(815301076,1909f56bfc062723c751e8b465ee728b)  -> (artifact id: '4715f3fa02cfc79bf9a162b82c5ff19a') in 0.019870 seconds 
  Import took 0.024957 seconds .

========================================================================
Received Import Request.
  Time since last request: 0.000412 seconds.
  path: Assets/Materials/sprite1.png
  artifactKey: Guid(19ec84d33c5236746a353a1ed9a0397c) Importer(815301076,1909f56bfc062723c751e8b465ee728b)
Start importing Assets/Materials/sprite1.png using Guid(19ec84d33c5236746a353a1ed9a0397c) Importer(815301076,1909f56bfc062723c751e8b465ee728b)  -> (artifact id: 'f0e66f34d979daeda4970809585b9c56') in 0.020821 seconds 
  Import took 0.025271 seconds .

========================================================================
Received Import Request.
  Time since last request: 0.000269 seconds.
  path: Assets/Materials/spr_game_off.png
  artifactKey: Guid(05c12251183e27148a3aa5bb0db920b3) Importer(815301076,1909f56bfc062723c751e8b465ee728b)
Start importing Assets/Materials/spr_game_off.png using Guid(05c12251183e27148a3aa5bb0db920b3) Importer(815301076,1909f56bfc062723c751e8b465ee728b)  -> (artifact id: '0688a4817b083eb589597b2cb28304bd') in 0.020828 seconds 
  Import took 0.024872 seconds .

========================================================================
Received Import Request.
  Time since last request: 0.000256 seconds.
  path: Assets/Materials/sprite158.png
  artifactKey: Guid(9a31eb6b981f01f4088bd69d436194e1) Importer(815301076,1909f56bfc062723c751e8b465ee728b)
Start importing Assets/Materials/sprite158.png using Guid(9a31eb6b981f01f4088bd69d436194e1) Importer(815301076,1909f56bfc062723c751e8b465ee728b)  -> (artifact id: 'add8ec047e9d7cfeb920b66d95973a39') in 0.018540 seconds 
  Import took 0.024615 seconds .

AssetImportWorkerClient::OnTransportError - code=2 error=End of file
